<?xml version="1.0" encoding="UTF-8"?>
<!-- Generated by org.testng.reporters.JUnitXMLReporter -->
<testsuite ignored="0" hostname="A" failures="0" tests="3" name="Submit Order Test" time="61.685" errors="0" timestamp="2024-11-11T18:48:12 IST">
  <testcase classname="UIAutomationTesting.TestCases.StandalonTest" name="submitOrder" time="19.054"/>
  <testcase classname="UIAutomationTesting.TestCases.StandalonTest" name="submitOrder" time="7.286"/>
  <testcase classname="UIAutomationTesting.TestCases.StandalonTest" name="orderHistoryTest" time="2.559"/>
</testsuite> <!-- Submit Order Test -->
