<?xml version="1.0" encoding="UTF-8"?>
<!-- Generated by org.testng.reporters.JUnitReportReporter -->
<testsuite hostname="A" failures="0" tests="3" name="UIAutomationTesting.TestCases.StandalonTest" time="59.160" errors="0" timestamp="2024-11-11T18:49:37 IST" skipped="0">
  <testcase classname="UIAutomationTesting.TestCases.StandalonTest" name="submitOrder" time="27.554"/>
  <testcase classname="UIAutomationTesting.TestCases.StandalonTest" name="submitOrder" time="14.717"/>
  <testcase classname="UIAutomationTesting.TestCases.StandalonTest" name="orderHistoryTest" time="16.889"/>
</testsuite> <!-- UIAutomationTesting.TestCases.StandalonTest -->
