<?xml version="1.0" encoding="UTF-8"?>
<testng-results retried="1" ignored="1" total="7" passed="4" failed="1" skipped="0">
  <reporter-output>
  </reporter-output>
  <suite started-at="2024-11-11T18:47:09 IST" name="Suite" finished-at="2024-11-11T18:49:36 IST" duration-ms="146853">
    <groups>
      <group name="ErrorHandling">
        <method signature="ErrorValidtionTest.loginErrorValidation()[pri:0, instance:UIAutomationTesting.TestCases.ErrorValidtionTest@7b993c65]" name="loginErrorValidation" class="UIAutomationTesting.TestCases.ErrorValidtionTest"/>
      </group> <!-- ErrorHandling -->
      <group name="Purchase">
        <method signature="StandalonTest.submitOrder(java.util.HashMap)[pri:0, instance:UIAutomationTesting.TestCases.StandalonTest@1a5b6f42]" name="submitOrder" class="UIAutomationTesting.TestCases.StandalonTest"/>
      </group> <!-- Purchase -->
    </groups>
    <test started-at="2024-11-11T18:47:09 IST" name="Submit Order Test" finished-at="2024-11-11T18:48:11 IST" duration-ms="61685">
      <class name="UIAutomationTesting.TestCases.StandalonTest">
        <test-method is-config="true" signature="launchApplication()[pri:0, instance:UIAutomationTesting.TestCases.StandalonTest@1a5b6f42]" started-at="2024-11-11T18:47:10 IST" name="launchApplication" finished-at="2024-11-11T18:47:24 IST" duration-ms="13356" status="PASS">
          <reporter-output>
          </reporter-output>
        </test-method> <!-- launchApplication -->
        <test-method signature="submitOrder(java.util.HashMap)[pri:0, instance:UIAutomationTesting.TestCases.StandalonTest@1a5b6f42]" started-at="2024-11-11T18:47:24 IST" name="submitOrder" data-provider="getData" finished-at="2024-11-11T18:47:43 IST" duration-ms="19054" status="PASS">
          <params>
            <param index="0">
              <value>
                <![CDATA[{password=Arahul@123#, email=ashrafkhan78625@yahoo.com, productName=ADIDAS ORIGINAL}]]>
              </value>
            </param>
          </params>
          <reporter-output>
          </reporter-output>
        </test-method> <!-- submitOrder -->
        <test-method is-config="true" signature="tearDown()[pri:0, instance:UIAutomationTesting.TestCases.StandalonTest@1a5b6f42]" started-at="2024-11-11T18:47:43 IST" name="tearDown" finished-at="2024-11-11T18:47:44 IST" duration-ms="974" status="PASS">
          <reporter-output>
          </reporter-output>
        </test-method> <!-- tearDown -->
        <test-method is-config="true" signature="launchApplication()[pri:0, instance:UIAutomationTesting.TestCases.StandalonTest@1a5b6f42]" started-at="2024-11-11T18:47:44 IST" name="launchApplication" finished-at="2024-11-11T18:47:51 IST" duration-ms="6526" status="PASS">
          <reporter-output>
          </reporter-output>
        </test-method> <!-- launchApplication -->
        <test-method signature="submitOrder(java.util.HashMap)[pri:0, instance:UIAutomationTesting.TestCases.StandalonTest@1a5b6f42]" started-at="2024-11-11T18:47:51 IST" name="submitOrder" data-provider="getData" finished-at="2024-11-11T18:47:58 IST" duration-ms="7286" status="PASS">
          <params>
            <param index="0">
              <value>
                <![CDATA[{password=Arahul@123#, email=ashrafkhan78625@yahoo.com, productName=ADIDAS ORIGINAL}]]>
              </value>
            </param>
          </params>
          <reporter-output>
          </reporter-output>
        </test-method> <!-- submitOrder -->
        <test-method is-config="true" signature="tearDown()[pri:0, instance:UIAutomationTesting.TestCases.StandalonTest@1a5b6f42]" started-at="2024-11-11T18:47:58 IST" name="tearDown" finished-at="2024-11-11T18:47:59 IST" duration-ms="910" status="PASS">
          <reporter-output>
          </reporter-output>
        </test-method> <!-- tearDown -->
        <test-method is-config="true" signature="launchApplication()[pri:0, instance:UIAutomationTesting.TestCases.StandalonTest@1a5b6f42]" started-at="2024-11-11T18:47:59 IST" name="launchApplication" finished-at="2024-11-11T18:48:07 IST" duration-ms="7590" status="PASS">
          <reporter-output>
          </reporter-output>
        </test-method> <!-- launchApplication -->
        <test-method signature="orderHistoryTest()[pri:0, instance:UIAutomationTesting.TestCases.StandalonTest@1a5b6f42]" started-at="2024-11-11T18:48:07 IST" name="orderHistoryTest" finished-at="2024-11-11T18:48:09 IST" depends-on-methods="UIAutomationTesting.TestCases.StandalonTest.submitOrder" duration-ms="2559" status="PASS">
          <reporter-output>
          </reporter-output>
        </test-method> <!-- orderHistoryTest -->
        <test-method is-config="true" signature="tearDown()[pri:0, instance:UIAutomationTesting.TestCases.StandalonTest@1a5b6f42]" started-at="2024-11-11T18:48:10 IST" name="tearDown" finished-at="2024-11-11T18:48:11 IST" duration-ms="905" status="PASS">
          <reporter-output>
          </reporter-output>
        </test-method> <!-- tearDown -->
      </class> <!-- UIAutomationTesting.TestCases.StandalonTest -->
    </test> <!-- Submit Order Test -->
    <test started-at="2024-11-11T18:48:13 IST" name="Error Validtion Test" finished-at="2024-11-11T18:49:36 IST" duration-ms="83501">
      <class name="UIAutomationTesting.TestCases.ErrorValidtionTest">
        <test-method is-config="true" signature="launchApplication()[pri:0, instance:UIAutomationTesting.TestCases.ErrorValidtionTest@7b993c65]" started-at="2024-11-11T18:48:13 IST" name="launchApplication" finished-at="2024-11-11T18:48:20 IST" duration-ms="7001" status="PASS">
          <reporter-output>
          </reporter-output>
        </test-method> <!-- launchApplication -->
        <test-method retried="true" signature="loginErrorValidation()[pri:0, instance:UIAutomationTesting.TestCases.ErrorValidtionTest@7b993c65]" started-at="2024-11-11T18:48:20 IST" name="loginErrorValidation" finished-at="2024-11-11T18:48:41 IST" duration-ms="21357" status="SKIP">
          <exception class="org.openqa.selenium.TimeoutException">
            <message>
              <![CDATA[Expected condition failed: waiting for visibility of Proxy element for: DefaultElementLocator 'By.cssSelector: [class*='flyInOut']' (tried for 10 second(s) with 500 milliseconds interval)]]>
            </message>
            <full-stacktrace>
              <![CDATA[org.openqa.selenium.TimeoutException: Expected condition failed: waiting for visibility of Proxy element for: DefaultElementLocator 'By.cssSelector: [class*='flyInOut']' (tried for 10 second(s) with 500 milliseconds interval)
at org.openqa.selenium.support.ui.WebDriverWait.timeoutException(WebDriverWait.java:84)
at org.openqa.selenium.support.ui.FluentWait.until(FluentWait.java:228)
at UIAutomation.abstractComponenets.AbstractComponenet.waitElementToBeAppear(AbstractComponenet.java:52)
at UIAutomation.pageObjectModel.LandingPage.getErrorMessage(LandingPage.java:55)
at UIAutomationTesting.TestCases.ErrorValidtionTest.loginErrorValidation(ErrorValidtionTest.java:22)
at java.base/jdk.internal.reflect.DirectMethodHandleAccessor.invoke(DirectMethodHandleAccessor.java:103)
at java.base/java.lang.reflect.Method.invoke(Method.java:580)
at org.testng.internal.invokers.MethodInvocationHelper.invokeMethod(MethodInvocationHelper.java:141)
at org.testng.internal.invokers.TestInvoker.invokeMethod(TestInvoker.java:686)
at org.testng.internal.invokers.TestInvoker.invokeTestMethod(TestInvoker.java:230)
at org.testng.internal.invokers.MethodRunner.runInSequence(MethodRunner.java:63)
at org.testng.internal.invokers.TestInvoker$MethodInvocationAgent.invoke(TestInvoker.java:992)
at org.testng.internal.invokers.TestInvoker.invokeTestMethods(TestInvoker.java:203)
at org.testng.internal.invokers.TestMethodWorker.invokeTestMethods(TestMethodWorker.java:154)
at org.testng.internal.invokers.TestMethodWorker.run(TestMethodWorker.java:134)
at java.base/java.util.ArrayList.forEach(ArrayList.java:1597)
at org.testng.TestRunner.privateRun(TestRunner.java:739)
at org.testng.TestRunner.run(TestRunner.java:614)
at org.testng.SuiteRunner.runTest(SuiteRunner.java:421)
at org.testng.SuiteRunner.runSequentially(SuiteRunner.java:413)
at org.testng.SuiteRunner.privateRun(SuiteRunner.java:373)
at org.testng.SuiteRunner.run(SuiteRunner.java:312)
at org.testng.SuiteRunnerWorker.runSuite(SuiteRunnerWorker.java:52)
at org.testng.SuiteRunnerWorker.run(SuiteRunnerWorker.java:95)
at org.testng.TestNG.runSuitesSequentially(TestNG.java:1274)
at org.testng.TestNG.runSuitesLocally(TestNG.java:1208)
at org.testng.TestNG.runSuites(TestNG.java:1112)
at org.testng.TestNG.run(TestNG.java:1079)
at org.testng.remote.AbstractRemoteTestNG.run(AbstractRemoteTestNG.java:115)
at org.testng.remote.RemoteTestNG.initAndRun(RemoteTestNG.java:293)
at org.testng.remote.RemoteTestNG.main(RemoteTestNG.java:91)
Caused by: org.openqa.selenium.NoSuchElementException: no such element: Unable to locate element: {"method":"css selector","selector":"[class*='flyInOut']"}
  (Session info: chrome=109.0.5414.168)
For documentation on this error, please visit: https://www.selenium.dev/documentation/webdriver/troubleshooting/errors#no-such-element-exception
Build info: version: '4.25.0', revision: '8a8aea2337'
System info: os.name: 'Windows 8.1', os.arch: 'amd64', os.version: '6.3', java.version: '22.0.1'
Driver info: org.openqa.selenium.chrome.ChromeDriver
Command: [dc50fe488fc5fe7d426e05da99faf630, findElement {using=css selector, value=[class*='flyInOut']}]
Capabilities {acceptInsecureCerts: false, browserName: chrome, browserVersion: 109.0.5414.168, chrome: {chromedriverVersion: 109.0.5414.74 (e7c5703604da..., userDataDir: C:\Users\Am\AppData\Local\T...}, goog:chromeOptions: {debuggerAddress: localhost:50897}, networkConnectionEnabled: false, pageLoadStrategy: normal, platformName: windows, proxy: Proxy(), se:cdp: ws://localhost:50897/devtoo..., se:cdpVersion: 109.0.5414.168, setWindowRect: true, strictFileInteractability: false, timeouts: {implicit: 0, pageLoad: 300000, script: 30000}, unhandledPromptBehavior: dismiss and notify, webauthn:extension:credBlob: true, webauthn:extension:largeBlob: true, webauthn:virtualAuthenticators: true}
Session ID: dc50fe488fc5fe7d426e05da99faf630
at java.base/jdk.internal.reflect.DirectConstructorHandleAccessor.newInstance(DirectConstructorHandleAccessor.java:62)
at java.base/java.lang.reflect.Constructor.newInstanceWithCaller(Constructor.java:502)
at java.base/java.lang.reflect.Constructor.newInstance(Constructor.java:486)
at org.openqa.selenium.remote.ErrorCodec.decode(ErrorCodec.java:167)
at org.openqa.selenium.remote.codec.w3c.W3CHttpResponseCodec.decode(W3CHttpResponseCodec.java:138)
at org.openqa.selenium.remote.codec.w3c.W3CHttpResponseCodec.decode(W3CHttpResponseCodec.java:50)
at org.openqa.selenium.remote.HttpCommandExecutor.execute(HttpCommandExecutor.java:190)
at org.openqa.selenium.remote.service.DriverCommandExecutor.invokeExecute(DriverCommandExecutor.java:216)
at org.openqa.selenium.remote.service.DriverCommandExecutor.execute(DriverCommandExecutor.java:174)
at org.openqa.selenium.remote.RemoteWebDriver.execute(RemoteWebDriver.java:545)
at org.openqa.selenium.remote.ElementLocation$ElementFinder$2.findElement(ElementLocation.java:165)
at org.openqa.selenium.remote.ElementLocation.findElement(ElementLocation.java:59)
at org.openqa.selenium.remote.RemoteWebDriver.findElement(RemoteWebDriver.java:368)
at org.openqa.selenium.remote.RemoteWebDriver.findElement(RemoteWebDriver.java:362)
at org.openqa.selenium.support.pagefactory.DefaultElementLocator.findElement(DefaultElementLocator.java:68)
at org.openqa.selenium.support.pagefactory.internal.LocatingElementHandler.invoke(LocatingElementHandler.java:38)
at jdk.proxy2/jdk.proxy2.$Proxy16.isDisplayed(Unknown Source)
at org.openqa.selenium.support.ui.ExpectedConditions.elementIfVisible(ExpectedConditions.java:304)
at org.openqa.selenium.support.ui.ExpectedConditions$10.apply(ExpectedConditions.java:290)
at org.openqa.selenium.support.ui.ExpectedConditions$10.apply(ExpectedConditions.java:287)
at org.openqa.selenium.support.ui.FluentWait.until(FluentWait.java:203)
... 29 more
]]>
            </full-stacktrace>
          </exception> <!-- org.openqa.selenium.TimeoutException -->
          <reporter-output>
          </reporter-output>
        </test-method> <!-- loginErrorValidation -->
        <test-method is-config="true" signature="tearDown()[pri:0, instance:UIAutomationTesting.TestCases.ErrorValidtionTest@7b993c65]" started-at="2024-11-11T18:48:41 IST" name="tearDown" finished-at="2024-11-11T18:48:42 IST" duration-ms="819" status="PASS">
          <reporter-output>
          </reporter-output>
        </test-method> <!-- tearDown -->
        <test-method is-config="true" signature="launchApplication()[pri:0, instance:UIAutomationTesting.TestCases.ErrorValidtionTest@7b993c65]" started-at="2024-11-11T18:48:42 IST" name="launchApplication" finished-at="2024-11-11T18:48:48 IST" duration-ms="6690" status="PASS">
          <reporter-output>
          </reporter-output>
        </test-method> <!-- launchApplication -->
        <test-method signature="loginErrorValidation()[pri:0, instance:UIAutomationTesting.TestCases.ErrorValidtionTest@7b993c65]" started-at="2024-11-11T18:48:48 IST" name="loginErrorValidation" finished-at="2024-11-11T18:49:10 IST" duration-ms="21345" status="FAIL">
          <exception class="org.openqa.selenium.TimeoutException">
            <message>
              <![CDATA[Expected condition failed: waiting for visibility of Proxy element for: DefaultElementLocator 'By.cssSelector: [class*='flyInOut']' (tried for 10 second(s) with 500 milliseconds interval)]]>
            </message>
            <full-stacktrace>
              <![CDATA[org.openqa.selenium.TimeoutException: Expected condition failed: waiting for visibility of Proxy element for: DefaultElementLocator 'By.cssSelector: [class*='flyInOut']' (tried for 10 second(s) with 500 milliseconds interval)
at org.openqa.selenium.support.ui.WebDriverWait.timeoutException(WebDriverWait.java:84)
at org.openqa.selenium.support.ui.FluentWait.until(FluentWait.java:228)
at UIAutomation.abstractComponenets.AbstractComponenet.waitElementToBeAppear(AbstractComponenet.java:52)
at UIAutomation.pageObjectModel.LandingPage.getErrorMessage(LandingPage.java:55)
at UIAutomationTesting.TestCases.ErrorValidtionTest.loginErrorValidation(ErrorValidtionTest.java:22)
at java.base/jdk.internal.reflect.DirectMethodHandleAccessor.invoke(DirectMethodHandleAccessor.java:103)
at java.base/java.lang.reflect.Method.invoke(Method.java:580)
at org.testng.internal.invokers.MethodInvocationHelper.invokeMethod(MethodInvocationHelper.java:141)
at org.testng.internal.invokers.TestInvoker.invokeMethod(TestInvoker.java:686)
at org.testng.internal.invokers.TestInvoker.retryFailed(TestInvoker.java:269)
at org.testng.internal.invokers.MethodRunner.runInSequence(MethodRunner.java:76)
at org.testng.internal.invokers.TestInvoker$MethodInvocationAgent.invoke(TestInvoker.java:992)
at org.testng.internal.invokers.TestInvoker.invokeTestMethods(TestInvoker.java:203)
at org.testng.internal.invokers.TestMethodWorker.invokeTestMethods(TestMethodWorker.java:154)
at org.testng.internal.invokers.TestMethodWorker.run(TestMethodWorker.java:134)
at java.base/java.util.ArrayList.forEach(ArrayList.java:1597)
at org.testng.TestRunner.privateRun(TestRunner.java:739)
at org.testng.TestRunner.run(TestRunner.java:614)
at org.testng.SuiteRunner.runTest(SuiteRunner.java:421)
at org.testng.SuiteRunner.runSequentially(SuiteRunner.java:413)
at org.testng.SuiteRunner.privateRun(SuiteRunner.java:373)
at org.testng.SuiteRunner.run(SuiteRunner.java:312)
at org.testng.SuiteRunnerWorker.runSuite(SuiteRunnerWorker.java:52)
at org.testng.SuiteRunnerWorker.run(SuiteRunnerWorker.java:95)
at org.testng.TestNG.runSuitesSequentially(TestNG.java:1274)
at org.testng.TestNG.runSuitesLocally(TestNG.java:1208)
at org.testng.TestNG.runSuites(TestNG.java:1112)
at org.testng.TestNG.run(TestNG.java:1079)
at org.testng.remote.AbstractRemoteTestNG.run(AbstractRemoteTestNG.java:115)
at org.testng.remote.RemoteTestNG.initAndRun(RemoteTestNG.java:293)
at org.testng.remote.RemoteTestNG.main(RemoteTestNG.java:91)
Caused by: org.openqa.selenium.NoSuchElementException: no such element: Unable to locate element: {"method":"css selector","selector":"[class*='flyInOut']"}
  (Session info: chrome=109.0.5414.168)
For documentation on this error, please visit: https://www.selenium.dev/documentation/webdriver/troubleshooting/errors#no-such-element-exception
Build info: version: '4.25.0', revision: '8a8aea2337'
System info: os.name: 'Windows 8.1', os.arch: 'amd64', os.version: '6.3', java.version: '22.0.1'
Driver info: org.openqa.selenium.chrome.ChromeDriver
Command: [dbef9c18986088f3e574fd8e705ca909, findElement {using=css selector, value=[class*='flyInOut']}]
Capabilities {acceptInsecureCerts: false, browserName: chrome, browserVersion: 109.0.5414.168, chrome: {chromedriverVersion: 109.0.5414.74 (e7c5703604da..., userDataDir: C:\Users\Am\AppData\Local\T...}, goog:chromeOptions: {debuggerAddress: localhost:50922}, networkConnectionEnabled: false, pageLoadStrategy: normal, platformName: windows, proxy: Proxy(), se:cdp: ws://localhost:50922/devtoo..., se:cdpVersion: 109.0.5414.168, setWindowRect: true, strictFileInteractability: false, timeouts: {implicit: 0, pageLoad: 300000, script: 30000}, unhandledPromptBehavior: dismiss and notify, webauthn:extension:credBlob: true, webauthn:extension:largeBlob: true, webauthn:virtualAuthenticators: true}
Session ID: dbef9c18986088f3e574fd8e705ca909
at java.base/jdk.internal.reflect.DirectConstructorHandleAccessor.newInstance(DirectConstructorHandleAccessor.java:62)
at java.base/java.lang.reflect.Constructor.newInstanceWithCaller(Constructor.java:502)
at java.base/java.lang.reflect.Constructor.newInstance(Constructor.java:486)
at org.openqa.selenium.remote.ErrorCodec.decode(ErrorCodec.java:167)
at org.openqa.selenium.remote.codec.w3c.W3CHttpResponseCodec.decode(W3CHttpResponseCodec.java:138)
at org.openqa.selenium.remote.codec.w3c.W3CHttpResponseCodec.decode(W3CHttpResponseCodec.java:50)
at org.openqa.selenium.remote.HttpCommandExecutor.execute(HttpCommandExecutor.java:190)
at org.openqa.selenium.remote.service.DriverCommandExecutor.invokeExecute(DriverCommandExecutor.java:216)
at org.openqa.selenium.remote.service.DriverCommandExecutor.execute(DriverCommandExecutor.java:174)
at org.openqa.selenium.remote.RemoteWebDriver.execute(RemoteWebDriver.java:545)
at org.openqa.selenium.remote.ElementLocation$ElementFinder$2.findElement(ElementLocation.java:165)
at org.openqa.selenium.remote.ElementLocation.findElement(ElementLocation.java:59)
at org.openqa.selenium.remote.RemoteWebDriver.findElement(RemoteWebDriver.java:368)
at org.openqa.selenium.remote.RemoteWebDriver.findElement(RemoteWebDriver.java:362)
at org.openqa.selenium.support.pagefactory.DefaultElementLocator.findElement(DefaultElementLocator.java:68)
at org.openqa.selenium.support.pagefactory.internal.LocatingElementHandler.invoke(LocatingElementHandler.java:38)
at jdk.proxy2/jdk.proxy2.$Proxy16.isDisplayed(Unknown Source)
at org.openqa.selenium.support.ui.ExpectedConditions.elementIfVisible(ExpectedConditions.java:304)
at org.openqa.selenium.support.ui.ExpectedConditions$10.apply(ExpectedConditions.java:290)
at org.openqa.selenium.support.ui.ExpectedConditions$10.apply(ExpectedConditions.java:287)
at org.openqa.selenium.support.ui.FluentWait.until(FluentWait.java:203)
... 29 more
]]>
            </full-stacktrace>
          </exception> <!-- org.openqa.selenium.TimeoutException -->
          <reporter-output>
          </reporter-output>
        </test-method> <!-- loginErrorValidation -->
        <test-method is-config="true" signature="tearDown()[pri:0, instance:UIAutomationTesting.TestCases.ErrorValidtionTest@7b993c65]" started-at="2024-11-11T18:49:11 IST" name="tearDown" finished-at="2024-11-11T18:49:12 IST" duration-ms="985" status="PASS">
          <reporter-output>
          </reporter-output>
        </test-method> <!-- tearDown -->
        <test-method is-config="true" signature="launchApplication()[pri:0, instance:UIAutomationTesting.TestCases.ErrorValidtionTest@7b993c65]" started-at="2024-11-11T18:49:12 IST" name="launchApplication" finished-at="2024-11-11T18:49:18 IST" duration-ms="6528" status="PASS">
          <reporter-output>
          </reporter-output>
        </test-method> <!-- launchApplication -->
        <test-method signature="productErrorValidtion()[pri:0, instance:UIAutomationTesting.TestCases.ErrorValidtionTest@7b993c65]" started-at="2024-11-11T18:49:18 IST" name="productErrorValidtion" finished-at="2024-11-11T18:49:35 IST" duration-ms="16374" status="PASS">
          <reporter-output>
          </reporter-output>
        </test-method> <!-- productErrorValidtion -->
        <test-method is-config="true" signature="tearDown()[pri:0, instance:UIAutomationTesting.TestCases.ErrorValidtionTest@7b993c65]" started-at="2024-11-11T18:49:35 IST" name="tearDown" finished-at="2024-11-11T18:49:36 IST" duration-ms="906" status="PASS">
          <reporter-output>
          </reporter-output>
        </test-method> <!-- tearDown -->
      </class> <!-- UIAutomationTesting.TestCases.ErrorValidtionTest -->
    </test> <!-- Error Validtion Test -->
  </suite> <!-- Suite -->
</testng-results>
